#
# There is insufficient memory for the Java Runtime Environment to continue.
# Native memory allocation (mmap) failed to map 132120576 bytes for G1 virtual space
# Possible reasons:
#   The system is out of physical RAM or swap space
#   The process is running with CompressedOops enabled, and the Java Heap may be blocking the growth of the native heap
# Possible solutions:
#   Reduce memory load on the system
#   Increase physical memory or swap space
#   Check if swap backing store is full
#   Decrease Java heap size (-Xmx/-Xms)
#   Decrease number of Java threads
#   Decrease Java thread stack sizes (-Xss)
#   Set larger code cache with -XX:ReservedCodeCacheSize=
#   JVM is running with Unscaled Compressed Oops mode in which the Java heap is
#     placed in the first 4GB address space. The Java Heap base address is the
#     maximum limit for the native heap growth. Please use -XX:HeapBaseMinAddress
#     to set the Java Heap base and to place the Java Heap above 4GB virtual address.
# This output file may be truncated or incomplete.
#
#  Out of Memory Error (os_windows.cpp:3603), pid=20060, tid=16612
#
# JRE version:  (21.0.8+12) (build )
# Java VM: Java HotSpot(TM) 64-Bit Server VM (21.0.8+12-LTS-250, mixed mode, sharing, tiered, compressed oops, compressed class ptrs, g1 gc, windows-amd64)
# No core dump will be written. Minidumps are not enabled by default on client versions of Windows
#

---------------  S U M M A R Y ------------

Command Line: -Dnet.bytebuddy.agent.attacher.dump= net.bytebuddy.agent.Attacher com.sun.tools.attach.VirtualMachine 18824 C:\Users\Tanuj\.m2\repository\net\bytebuddy\byte-buddy-agent\1.14.13\byte-buddy-agent-1.14.13.jar false 

Host: Intel(R) Core(TM) i5-1035G1 CPU @ 1.00GHz, 8 cores, 7G,  Windows 11 , 64 bit Build 26100 (10.0.26100.8115)
Time: Sat Apr 11 13:41:55 2026 India Standard Time elapsed time: 5.027392 seconds (0d 0h 0m 5s)

---------------  T H R E A D  ---------------

Current thread (0x0000019a2afff090):  JavaThread "Unknown thread" [_thread_in_vm, id=16612, stack(0x0000002e43b00000,0x0000002e43c00000) (1024K)]

Stack: [0x0000002e43b00000,0x0000002e43c00000]
Native frames: (J=compiled Java code, j=interpreted, Vv=VM code, C=native code)
V  [jvm.dll+0x6cc179]
V  [jvm.dll+0x8584c1]
V  [jvm.dll+0x85a9ee]
V  [jvm.dll+0x85b0c3]
V  [jvm.dll+0x27ebf6]
V  [jvm.dll+0x6c88f5]
V  [jvm.dll+0x6bd45a]
V  [jvm.dll+0x354b1a]
V  [jvm.dll+0x35c796]
V  [jvm.dll+0x3af85e]
V  [jvm.dll+0x3afb08]
V  [jvm.dll+0x328e2c]
V  [jvm.dll+0x32998b]
V  [jvm.dll+0x821879]
V  [jvm.dll+0x3bc541]
V  [jvm.dll+0x80aaf8]
V  [jvm.dll+0x45172e]
V  [jvm.dll+0x453321]
C  [jli.dll+0x52a3]
C  [ucrtbase.dll+0x37b0]
C  [KERNEL32.DLL+0x2e8d7]
C  [ntdll.dll+0x8c3fc]


---------------  P R O C E S S  ---------------

Threads class SMR info:
_java_thread_list=0x00007fff9295fc48, length=0, elements={
}

Java Threads: ( => current thread )
Total: 0

Other Threads:
  0x0000019a2d35c9b0 WorkerThread "GC Thread#0"                     [id=16648, stack(0x0000002e43c00000,0x0000002e43d00000) (1024K)]
  0x0000019a2d36d250 ConcurrentGCThread "G1 Main Marker"            [id=15824, stack(0x0000002e43d00000,0x0000002e43e00000) (1024K)]
  0x0000019a2d36e560 WorkerThread "G1 Conc#0"                       [id=19584, stack(0x0000002e43e00000,0x0000002e43f00000) (1024K)]

[error occurred during error reporting (printing all threads), id 0xc0000005, EXCEPTION_ACCESS_VIOLATION (0xc0000005) at pc=0x00007fff920cb5b7]
VM state: not at safepoint (not fully initialized)

VM Mutex/Monitor currently owned by a thread:  ([mutex/lock_event])
[0x00007fff929d0f50] Heap_lock - owner thread: 0x0000019a2afff090

Heap address: 0x0000000083a00000, size: 1990 MB, Compressed Oops mode: 32-bit

CDS archive(s) mapped at: [0x0000000000000000-0x0000000000000000-0x0000000000000000), size 0, SharedBaseAddress: 0x0000000800000000, ArchiveRelocationMode: 1.
Narrow klass base: 0x0000000000000000, Narrow klass shift: 0, Narrow klass range: 0x0

GC Precious Log:
 CardTable entry size: 512
 Card Set container configuration: InlinePtr #cards 5 size 8 Array Of Cards #cards 12 size 40 Howl #buckets 4 coarsen threshold 1843 Howl Bitmap #cards 512 size 80 coarsen threshold 460 Card regions per heap region 1 cards per card region 2048

Heap:
 garbage-first heap   total 0K, used 0K [0x0000000083a00000, 0x0000000100000000)
  region size 1024K, 0 young (0K), 0 survivors (0K)

[error occurred during error reporting (printing heap information), id 0xc0000005, EXCEPTION_ACCESS_VIOLATION (0xc0000005) at pc=0x00007fff924b51e9]
GC Heap History (0 events):
No events

Dll operation events (1 events):
Event: 0.027 Loaded shared library C:\Program Files\Java\jdk-21\bin\java.dll

Deoptimization events (0 events):
No events

Classes loaded (0 events):
No events

Classes unloaded (0 events):
No events

Classes redefined (0 events):
No events

Internal exceptions (0 events):
No events

ZGC Phase Switch (0 events):
No events

VM Operations (0 events):
No events

Events (0 events):
No events


Dynamic libraries:
0x00007ff6c85d0000 - 0x00007ff6c85e0000 	C:\Program Files\Java\jdk-21\bin\java.exe
0x00007ff85c1e0000 - 0x00007ff85c447000 	C:\WINDOWS\SYSTEM32\ntdll.dll
0x00007ff85ac20000 - 0x00007ff85ace9000 	C:\WINDOWS\System32\KERNEL32.DLL
0x00007ff858ab0000 - 0x00007ff858ea4000 	C:\WINDOWS\System32\KERNELBASE.dll
0x00007ff859be0000 - 0x00007ff859d2b000 	C:\WINDOWS\System32\ucrtbase.dll
0x00007ff844550000 - 0x00007ff844569000 	C:\Program Files\Java\jdk-21\bin\jli.dll
0x00007ff85ad50000 - 0x00007ff85ae06000 	C:\WINDOWS\System32\ADVAPI32.dll
0x00007ff85b960000 - 0x00007ff85ba09000 	C:\WINDOWS\System32\msvcrt.dll
0x00007ff85c0f0000 - 0x00007ff85c197000 	C:\WINDOWS\System32\sechost.dll
0x00007ff85ae30000 - 0x00007ff85af48000 	C:\WINDOWS\System32\RPCRT4.dll
0x00007ff85bc10000 - 0x00007ff85bdd5000 	C:\WINDOWS\System32\USER32.dll
0x00007ff859f40000 - 0x00007ff859f67000 	C:\WINDOWS\System32\win32u.dll
0x00007ff85c0b0000 - 0x00007ff85c0db000 	C:\WINDOWS\System32\GDI32.dll
0x00007ff8597e0000 - 0x00007ff85990a000 	C:\WINDOWS\System32\gdi32full.dll
0x00007ff859910000 - 0x00007ff8599b3000 	C:\WINDOWS\System32\msvcp_win.dll
0x00007ff843c10000 - 0x00007ff843c2b000 	C:\Program Files\Java\jdk-21\bin\VCRUNTIME140.dll
0x00007ff841790000 - 0x00007ff841a23000 	C:\WINDOWS\WinSxS\amd64_microsoft.windows.common-controls_6595b64144ccf1df_6.0.26100.8115_none_3e075c82e3354f9c\COMCTL32.dll
0x00007ff851250000 - 0x00007ff85125b000 	C:\WINDOWS\SYSTEM32\VERSION.dll
0x00007ff85bbd0000 - 0x00007ff85bc02000 	C:\WINDOWS\System32\IMM32.DLL
0x00007ff853cb0000 - 0x00007ff853cbc000 	C:\Program Files\Java\jdk-21\bin\vcruntime140_1.dll
0x00007ff8167e0000 - 0x00007ff81686e000 	C:\Program Files\Java\jdk-21\bin\msvcp140.dll
0x00007fff91d90000 - 0x00007fff92aad000 	C:\Program Files\Java\jdk-21\bin\server\jvm.dll
0x00007ff85b8d0000 - 0x00007ff85b950000 	C:\WINDOWS\System32\WS2_32.dll
0x00007ff858930000 - 0x00007ff85898e000 	C:\WINDOWS\SYSTEM32\POWRPROF.dll
0x00007ff841a60000 - 0x00007ff841a96000 	C:\WINDOWS\SYSTEM32\WINMM.dll
0x00007ff858910000 - 0x00007ff858924000 	C:\WINDOWS\SYSTEM32\UMPDC.dll
0x00007ff857810000 - 0x00007ff85782b000 	C:\WINDOWS\SYSTEM32\kernel.appcore.dll
0x00007ff84fcb0000 - 0x00007ff84fcba000 	C:\Program Files\Java\jdk-21\bin\jimage.dll
0x00007ff8568f0000 - 0x00007ff856b32000 	C:\WINDOWS\SYSTEM32\DBGHELP.DLL
0x00007ff85b180000 - 0x00007ff85b502000 	C:\WINDOWS\System32\combase.dll
0x00007ff85b7f0000 - 0x00007ff85b8c7000 	C:\WINDOWS\System32\OLEAUT32.dll
0x00007ff834fd0000 - 0x00007ff83500b000 	C:\WINDOWS\SYSTEM32\dbgcore.DLL
0x00007ff859b30000 - 0x00007ff859bd5000 	C:\WINDOWS\System32\bcryptPrimitives.dll
0x00007ff843210000 - 0x00007ff84322f000 	C:\Program Files\Java\jdk-21\bin\java.dll

dbghelp: loaded successfully - version: 4.0.5 - missing functions: none
symbol engine: initialized successfully - sym options: 0x614 - pdb path: .;C:\Program Files\Java\jdk-21\bin;C:\WINDOWS\SYSTEM32;C:\WINDOWS\WinSxS\amd64_microsoft.windows.common-controls_6595b64144ccf1df_6.0.26100.8115_none_3e075c82e3354f9c;C:\Program Files\Java\jdk-21\bin\server

VM Arguments:
jvm_args: -Dnet.bytebuddy.agent.attacher.dump= 
java_command: net.bytebuddy.agent.Attacher com.sun.tools.attach.VirtualMachine 18824 C:\Users\Tanuj\.m2\repository\net\bytebuddy\byte-buddy-agent\1.14.13\byte-buddy-agent-1.14.13.jar false 
java_class_path (initial): C:\Users\Tanuj\.m2\repository\net\bytebuddy\byte-buddy-agent\1.14.13\byte-buddy-agent-1.14.13.jar
Launcher Type: SUN_STANDARD

[Global flags]
     intx CICompilerCount                          = 4                                         {product} {ergonomic}
     uint ConcGCThreads                            = 2                                         {product} {ergonomic}
     uint G1ConcRefinementThreads                  = 8                                         {product} {ergonomic}
   size_t G1HeapRegionSize                         = 1048576                                   {product} {ergonomic}
    uintx GCDrainStackTargetSize                   = 64                                        {product} {ergonomic}
   size_t InitialHeapSize                          = 132120576                                 {product} {ergonomic}
   size_t MarkStackSize                            = 4194304                                   {product} {ergonomic}
   size_t MaxHeapSize                              = 2086666240                                {product} {ergonomic}
   size_t MinHeapDeltaBytes                        = 1048576                                   {product} {ergonomic}
   size_t MinHeapSize                              = 8388608                                   {product} {ergonomic}
    uintx NonNMethodCodeHeapSize                   = 5839372                                {pd product} {ergonomic}
    uintx NonProfiledCodeHeapSize                  = 122909434                              {pd product} {ergonomic}
    uintx ProfiledCodeHeapSize                     = 122909434                              {pd product} {ergonomic}
    uintx ReservedCodeCacheSize                    = 251658240                              {pd product} {ergonomic}
     bool SegmentedCodeCache                       = true                                      {product} {ergonomic}
   size_t SoftMaxHeapSize                          = 2086666240                             {manageable} {ergonomic}
     bool UseCompressedOops                        = true                           {product lp64_product} {ergonomic}
     bool UseG1GC                                  = true                                      {product} {ergonomic}
     bool UseLargePagesIndividualAllocation        = false                                  {pd product} {ergonomic}

Logging:
Log output configuration:
 #0: stdout all=warning uptime,level,tags foldmultilines=false
 #1: stderr all=off uptime,level,tags foldmultilines=false

Environment Variables:
JAVA_HOME=C:\Program Files\Java\jdk-21
PATH=C:\Program Files\Common Files\Oracle\Java\javapath;C:\Python313\Scripts\;C:\Python313\;C:\WINDOWS\system32;C:\WINDOWS;C:\WINDOWS\System32\Wbem;C:\WINDOWS\System32\WindowsPowerShell\v1.0\;C:\WINDOWS\System32\OpenSSH\;C:\Program Files\nodejs\;C:\ProgramData\chocolatey\bin;C:\Program Files\Git\cmd;C:\Program Files\MySQL\MySQL Server 8.0\bin;C:\Program Files\Docker\Docker\resources\bin;E:\apache-maven-3.9.12-bin\apache-maven-3.9.12\bin;C:\Program Files\Cloudflare\Cloudflare WARP\;C:\Program Files\MySQL\MySQL Shell 8.0\bin\;C:\Users\Tanuj\AppData\Local\Microsoft\WindowsApps;C:\Users\Tanuj\AppData\Local\Programs\Microsoft VS Code\bin;C:\Program Files\JetBrains\IntelliJ IDEA Community Edition 2025.2\bin;C:\Users\Tanuj\AppData\Roaming\npm;C:\Users\Tanuj\AppData\Local\Programs\mongosh\;C:\Users\Tanuj\AppData\Local\GitHubDesktop\bin;E:\new\cursor\resources\app\bin;E:\apache-maven-3.9.12-bin.zip\apache-maven-3.9.12\bin;D:\Antigravity\bin
USERNAME=Tanuj
OS=Windows_NT
PROCESSOR_IDENTIFIER=Intel64 Family 6 Model 126 Stepping 5, GenuineIntel
TMP=C:\Users\Tanuj\AppData\Local\Temp
TEMP=C:\Users\Tanuj\AppData\Local\Temp




Periodic native trim disabled

---------------  S Y S T E M  ---------------

OS:
 Windows 11 , 64 bit Build 26100 (10.0.26100.8115)
OS uptime: 0 days 17:11 hours
Hyper-V role detected

CPU: total 8 (initial active 8) (4 cores per cpu, 2 threads per core) family 6 model 126 stepping 5 microcode 0xc2, cx8, cmov, fxsr, ht, mmx, 3dnowpref, sse, sse2, sse3, ssse3, sse4.1, sse4.2, popcnt, lzcnt, tsc, tscinvbit, avx, avx2, aes, erms, clmul, bmi1, bmi2, adx, avx512f, avx512dq, avx512cd, avx512bw, avx512vl, sha, fma, vzeroupper, avx512_vpopcntdq, avx512_vpclmulqdq, avx512_vaes, avx512_vnni, clflush, clflushopt, avx512_vbmi2, avx512_vbmi, hv, rdtscp, rdpid, fsrm, gfni, avx512_bitalg, f16c, avx512_ifma
Processor Information for all 8 processors :
  Max Mhz: 1190, Current Mhz: 991, Mhz Limit: 987

Memory: 4k page, system-wide physical 7959M (636M free)
TotalPageFile size 20262M (AvailPageFile size 1274M)
current process WorkingSet (physical memory assigned to process): 12M, peak: 12M
current process commit charge ("private bytes"): 60M, peak: 186M

vm_info: Java HotSpot(TM) 64-Bit Server VM (21.0.8+12-LTS-250) for windows-amd64 JRE (21.0.8+12-LTS-250), built on 2025-06-27T08:11:22Z by "mach5one" with MS VC++ 17.6 (VS2022)

END.
